2:30:44 PM - ARM Physical IP, Inc.
2:30:44 PM - Linux VLSILAB-PLAT1 3.10.0-693.21.1.el7.x86_64 #1 SMP Wed Mar 7 19:03:37 UTC 2018 x86_64 x86_64 x86_64 GNU/Linux
2:30:44 PM - Version 2007Q4V2
2:30:44 PM - GUI version 5.6.5
2:30:44 PM - 
2:30:44 PM - CONFIDENTIAL AND PROPRIETARY SOFTWARE OF ARM PHYSICAL IP, INC.
2:30:44 PM - 
2:30:44 PM - Copyright (c) 1993 - 2022 ARM Physical IP, Inc.  All Rights Reserved.
2:30:44 PM - 
2:30:44 PM - Use of this Software is subject to the terms and conditions of the
2:30:44 PM - applicable license agreement with ARM Physical IP, Inc. 
2:30:44 PM - In addition, this Software is protected by patents, copyright law 
2:30:44 PM - and international treaties.
2:30:44 PM - 
2:30:44 PM - The copyright notice(s) in this Software does not indicate actual or
2:30:44 PM - intended publication of this Software.
2:30:44 PM - 
2:30:44 PM - Advantage Single-Port SRAM Generator, TSMC 90nm CLN90G Process
2:30:44 PM - 
2:30:44 PM - Log file is ACI.log
2:30:44 PM - 
